This is pdfTeX, Version 3.1415926-2.5-1.40.14 (TeX Live 2013/Debian) (format=pdflatex 2016.1.12)  20 APR 2016 16:42
entering extended mode
 restricted \write18 enabled.
 %&-line parsing enabled.
**main.tex
(./main.tex
LaTeX2e <2011/06/27>
Babel <3.9h> and hyphenation patterns for 2 languages loaded.
(/usr/share/texlive/texmf-dist/tex/latex/base/report.cls
Document Class: report 2007/10/19 v1.4h Standard LaTeX document class
(/usr/share/texlive/texmf-dist/tex/latex/base/size12.clo
File: size12.clo 2007/10/19 v1.4h Standard LaTeX file (size option)
)
\c@part=\count79
\c@chapter=\count80
\c@section=\count81
\c@subsection=\count82
\c@subsubsection=\count83
\c@paragraph=\count84
\c@subparagraph=\count85
\c@figure=\count86
\c@table=\count87
\abovecaptionskip=\skip41
\belowcaptionskip=\skip42
\bibindent=\dimen102
) (./lgrind.sty
Package: lgrind 1997/01/30 v3.4 LGrind environment and supporting stuff
\lc@unt=\count88
\ln@xt=\count89
\LGnuminterval=\count90
\LGindent=\skip43
\LGsloppy=\skip44
\procbox=\box26
\ls@far=\box27
\tb@x=\box28
\TBw@d=\dimen103
\@ts=\dimen104
)
(./cmap.sty
Package: cmap 2008/03/06 v1.0h CMap support: searchable PDF
) (/usr/share/texlive/texmf-dist/tex/latex/base/fontenc.sty
Package: fontenc 2005/09/27 v1.99g Standard LaTeX package

(/usr/share/texlive/texmf-dist/tex/latex/base/t1enc.def
File: t1enc.def 2005/09/27 v1.99g Standard LaTeX file
LaTeX Font Info:    Redeclaring font encoding T1 on input line 43.
)<<t1.cmap>>)
(/usr/share/texlive/texmf-dist/tex/latex/base/inputenc.sty
Package: inputenc 2008/03/30 v1.1d Input encoding file
\inpenc@prehook=\toks14
\inpenc@posthook=\toks15

(/usr/share/texlive/texmf-dist/tex/latex/base/utf8.def
File: utf8.def 2008/04/05 v1.1m UTF-8 support for inputenc
Now handling font encoding OML ...
... no UTF-8 mapping file for font encoding OML
Now handling font encoding T1 ...
... processing UTF-8 mapping file for font encoding T1

(/usr/share/texlive/texmf-dist/tex/latex/base/t1enc.dfu
File: t1enc.dfu 2008/04/05 v1.1m UTF-8 support for inputenc
   defining Unicode char U+00A1 (decimal 161)
   defining Unicode char U+00A3 (decimal 163)
   defining Unicode char U+00AB (decimal 171)
   defining Unicode char U+00BB (decimal 187)
   defining Unicode char U+00BF (decimal 191)
   defining Unicode char U+00C0 (decimal 192)
   defining Unicode char U+00C1 (decimal 193)
   defining Unicode char U+00C2 (decimal 194)
   defining Unicode char U+00C3 (decimal 195)
   defining Unicode char U+00C4 (decimal 196)
   defining Unicode char U+00C5 (decimal 197)
   defining Unicode char U+00C6 (decimal 198)
   defining Unicode char U+00C7 (decimal 199)
   defining Unicode char U+00C8 (decimal 200)
   defining Unicode char U+00C9 (decimal 201)
   defining Unicode char U+00CA (decimal 202)
   defining Unicode char U+00CB (decimal 203)
   defining Unicode char U+00CC (decimal 204)
   defining Unicode char U+00CD (decimal 205)
   defining Unicode char U+00CE (decimal 206)
   defining Unicode char U+00CF (decimal 207)
   defining Unicode char U+00D0 (decimal 208)
   defining Unicode char U+00D1 (decimal 209)
   defining Unicode char U+00D2 (decimal 210)
   defining Unicode char U+00D3 (decimal 211)
   defining Unicode char U+00D4 (decimal 212)
   defining Unicode char U+00D5 (decimal 213)
   defining Unicode char U+00D6 (decimal 214)
   defining Unicode char U+00D8 (decimal 216)
   defining Unicode char U+00D9 (decimal 217)
   defining Unicode char U+00DA (decimal 218)
   defining Unicode char U+00DB (decimal 219)
   defining Unicode char U+00DC (decimal 220)
   defining Unicode char U+00DD (decimal 221)
   defining Unicode char U+00DE (decimal 222)
   defining Unicode char U+00DF (decimal 223)
   defining Unicode char U+00E0 (decimal 224)
   defining Unicode char U+00E1 (decimal 225)
   defining Unicode char U+00E2 (decimal 226)
   defining Unicode char U+00E3 (decimal 227)
   defining Unicode char U+00E4 (decimal 228)
   defining Unicode char U+00E5 (decimal 229)
   defining Unicode char U+00E6 (decimal 230)
   defining Unicode char U+00E7 (decimal 231)
   defining Unicode char U+00E8 (decimal 232)
   defining Unicode char U+00E9 (decimal 233)
   defining Unicode char U+00EA (decimal 234)
   defining Unicode char U+00EB (decimal 235)
   defining Unicode char U+00EC (decimal 236)
   defining Unicode char U+00ED (decimal 237)
   defining Unicode char U+00EE (decimal 238)
   defining Unicode char U+00EF (decimal 239)
   defining Unicode char U+00F0 (decimal 240)
   defining Unicode char U+00F1 (decimal 241)
   defining Unicode char U+00F2 (decimal 242)
   defining Unicode char U+00F3 (decimal 243)
   defining Unicode char U+00F4 (decimal 244)
   defining Unicode char U+00F5 (decimal 245)
   defining Unicode char U+00F6 (decimal 246)
   defining Unicode char U+00F8 (decimal 248)
   defining Unicode char U+00F9 (decimal 249)
   defining Unicode char U+00FA (decimal 250)
   defining Unicode char U+00FB (decimal 251)
   defining Unicode char U+00FC (decimal 252)
   defining Unicode char U+00FD (decimal 253)
   defining Unicode char U+00FE (decimal 254)
   defining Unicode char U+00FF (decimal 255)
   defining Unicode char U+0102 (decimal 258)
   defining Unicode char U+0103 (decimal 259)
   defining Unicode char U+0104 (decimal 260)
   defining Unicode char U+0105 (decimal 261)
   defining Unicode char U+0106 (decimal 262)
   defining Unicode char U+0107 (decimal 263)
   defining Unicode char U+010C (decimal 268)
   defining Unicode char U+010D (decimal 269)
   defining Unicode char U+010E (decimal 270)
   defining Unicode char U+010F (decimal 271)
   defining Unicode char U+0110 (decimal 272)
   defining Unicode char U+0111 (decimal 273)
   defining Unicode char U+0118 (decimal 280)
   defining Unicode char U+0119 (decimal 281)
   defining Unicode char U+011A (decimal 282)
   defining Unicode char U+011B (decimal 283)
   defining Unicode char U+011E (decimal 286)
   defining Unicode char U+011F (decimal 287)
   defining Unicode char U+0130 (decimal 304)
   defining Unicode char U+0131 (decimal 305)
   defining Unicode char U+0132 (decimal 306)
   defining Unicode char U+0133 (decimal 307)
   defining Unicode char U+0139 (decimal 313)
   defining Unicode char U+013A (decimal 314)
   defining Unicode char U+013D (decimal 317)
   defining Unicode char U+013E (decimal 318)
   defining Unicode char U+0141 (decimal 321)
   defining Unicode char U+0142 (decimal 322)
   defining Unicode char U+0143 (decimal 323)
   defining Unicode char U+0144 (decimal 324)
   defining Unicode char U+0147 (decimal 327)
   defining Unicode char U+0148 (decimal 328)
   defining Unicode char U+014A (decimal 330)
   defining Unicode char U+014B (decimal 331)
   defining Unicode char U+0150 (decimal 336)
   defining Unicode char U+0151 (decimal 337)
   defining Unicode char U+0152 (decimal 338)
   defining Unicode char U+0153 (decimal 339)
   defining Unicode char U+0154 (decimal 340)
   defining Unicode char U+0155 (decimal 341)
   defining Unicode char U+0158 (decimal 344)
   defining Unicode char U+0159 (decimal 345)
   defining Unicode char U+015A (decimal 346)
   defining Unicode char U+015B (decimal 347)
   defining Unicode char U+015E (decimal 350)
   defining Unicode char U+015F (decimal 351)
   defining Unicode char U+0160 (decimal 352)
   defining Unicode char U+0161 (decimal 353)
   defining Unicode char U+0162 (decimal 354)
   defining Unicode char U+0163 (decimal 355)
   defining Unicode char U+0164 (decimal 356)
   defining Unicode char U+0165 (decimal 357)
   defining Unicode char U+016E (decimal 366)
   defining Unicode char U+016F (decimal 367)
   defining Unicode char U+0170 (decimal 368)
   defining Unicode char U+0171 (decimal 369)
   defining Unicode char U+0178 (decimal 376)
   defining Unicode char U+0179 (decimal 377)
   defining Unicode char U+017A (decimal 378)
   defining Unicode char U+017B (decimal 379)
   defining Unicode char U+017C (decimal 380)
   defining Unicode char U+017D (decimal 381)
   defining Unicode char U+017E (decimal 382)
   defining Unicode char U+200C (decimal 8204)
   defining Unicode char U+2013 (decimal 8211)
   defining Unicode char U+2014 (decimal 8212)
   defining Unicode char U+2018 (decimal 8216)
   defining Unicode char U+2019 (decimal 8217)
   defining Unicode char U+201A (decimal 8218)
   defining Unicode char U+201C (decimal 8220)
   defining Unicode char U+201D (decimal 8221)
   defining Unicode char U+201E (decimal 8222)
   defining Unicode char U+2030 (decimal 8240)
   defining Unicode char U+2031 (decimal 8241)
   defining Unicode char U+2039 (decimal 8249)
   defining Unicode char U+203A (decimal 8250)
   defining Unicode char U+2423 (decimal 9251)
)
Now handling font encoding OT1 ...
... processing UTF-8 mapping file for font encoding OT1

(/usr/share/texlive/texmf-dist/tex/latex/base/ot1enc.dfu
File: ot1enc.dfu 2008/04/05 v1.1m UTF-8 support for inputenc
   defining Unicode char U+00A1 (decimal 161)
   defining Unicode char U+00A3 (decimal 163)
   defining Unicode char U+00B8 (decimal 184)
   defining Unicode char U+00BF (decimal 191)
   defining Unicode char U+00C5 (decimal 197)
   defining Unicode char U+00C6 (decimal 198)
   defining Unicode char U+00D8 (decimal 216)
   defining Unicode char U+00DF (decimal 223)
   defining Unicode char U+00E6 (decimal 230)
   defining Unicode char U+00EC (decimal 236)
   defining Unicode char U+00ED (decimal 237)
   defining Unicode char U+00EE (decimal 238)
   defining Unicode char U+00EF (decimal 239)
   defining Unicode char U+00F8 (decimal 248)
   defining Unicode char U+0131 (decimal 305)
   defining Unicode char U+0141 (decimal 321)
   defining Unicode char U+0142 (decimal 322)
   defining Unicode char U+0152 (decimal 338)
   defining Unicode char U+0153 (decimal 339)
   defining Unicode char U+2013 (decimal 8211)
   defining Unicode char U+2014 (decimal 8212)
   defining Unicode char U+2018 (decimal 8216)
   defining Unicode char U+2019 (decimal 8217)
   defining Unicode char U+201C (decimal 8220)
   defining Unicode char U+201D (decimal 8221)
)
Now handling font encoding OMS ...
... processing UTF-8 mapping file for font encoding OMS

(/usr/share/texlive/texmf-dist/tex/latex/base/omsenc.dfu
File: omsenc.dfu 2008/04/05 v1.1m UTF-8 support for inputenc
   defining Unicode char U+00A7 (decimal 167)
   defining Unicode char U+00B6 (decimal 182)
   defining Unicode char U+00B7 (decimal 183)
   defining Unicode char U+2020 (decimal 8224)
   defining Unicode char U+2021 (decimal 8225)
   defining Unicode char U+2022 (decimal 8226)
)
Now handling font encoding OMX ...
... no UTF-8 mapping file for font encoding OMX
Now handling font encoding U ...
... no UTF-8 mapping file for font encoding U
   defining Unicode char U+00A9 (decimal 169)
   defining Unicode char U+00AA (decimal 170)
   defining Unicode char U+00AE (decimal 174)
   defining Unicode char U+00BA (decimal 186)
   defining Unicode char U+02C6 (decimal 710)
   defining Unicode char U+02DC (decimal 732)
   defining Unicode char U+200C (decimal 8204)
   defining Unicode char U+2026 (decimal 8230)
   defining Unicode char U+2122 (decimal 8482)
   defining Unicode char U+2423 (decimal 9251)
))
(/usr/share/texlive/texmf-dist/tex/latex/base/latexsym.sty
Package: latexsym 1998/08/17 v2.2e Standard LaTeX package (lasy symbols)
\symlasy=\mathgroup4
LaTeX Font Info:    Overwriting symbol font `lasy' in version `bold'
(Font)                  U/lasy/m/n --> U/lasy/b/n on input line 47.
)
(/usr/share/texmf/tex/latex/lm/lmodern.sty
Package: lmodern 2009/10/30 v1.6 Latin Modern Fonts
LaTeX Font Info:    Overwriting symbol font `operators' in version `normal'
(Font)                  OT1/cmr/m/n --> OT1/lmr/m/n on input line 22.
LaTeX Font Info:    Overwriting symbol font `letters' in version `normal'
(Font)                  OML/cmm/m/it --> OML/lmm/m/it on input line 23.
LaTeX Font Info:    Overwriting symbol font `symbols' in version `normal'
(Font)                  OMS/cmsy/m/n --> OMS/lmsy/m/n on input line 24.
LaTeX Font Info:    Overwriting symbol font `largesymbols' in version `normal'
(Font)                  OMX/cmex/m/n --> OMX/lmex/m/n on input line 25.
LaTeX Font Info:    Overwriting symbol font `operators' in version `bold'
(Font)                  OT1/cmr/bx/n --> OT1/lmr/bx/n on input line 26.
LaTeX Font Info:    Overwriting symbol font `letters' in version `bold'
(Font)                  OML/cmm/b/it --> OML/lmm/b/it on input line 27.
LaTeX Font Info:    Overwriting symbol font `symbols' in version `bold'
(Font)                  OMS/cmsy/b/n --> OMS/lmsy/b/n on input line 28.
LaTeX Font Info:    Overwriting symbol font `largesymbols' in version `bold'
(Font)                  OMX/cmex/m/n --> OMX/lmex/m/n on input line 29.
LaTeX Font Info:    Overwriting math alphabet `\mathbf' in version `normal'
(Font)                  OT1/cmr/bx/n --> OT1/lmr/bx/n on input line 31.
LaTeX Font Info:    Overwriting math alphabet `\mathsf' in version `normal'
(Font)                  OT1/cmss/m/n --> OT1/lmss/m/n on input line 32.
LaTeX Font Info:    Overwriting math alphabet `\mathit' in version `normal'
(Font)                  OT1/cmr/m/it --> OT1/lmr/m/it on input line 33.
LaTeX Font Info:    Overwriting math alphabet `\mathtt' in version `normal'
(Font)                  OT1/cmtt/m/n --> OT1/lmtt/m/n on input line 34.
LaTeX Font Info:    Overwriting math alphabet `\mathbf' in version `bold'
(Font)                  OT1/cmr/bx/n --> OT1/lmr/bx/n on input line 35.
LaTeX Font Info:    Overwriting math alphabet `\mathsf' in version `bold'
(Font)                  OT1/cmss/bx/n --> OT1/lmss/bx/n on input line 36.
LaTeX Font Info:    Overwriting math alphabet `\mathit' in version `bold'
(Font)                  OT1/cmr/bx/it --> OT1/lmr/bx/it on input line 37.
LaTeX Font Info:    Overwriting math alphabet `\mathtt' in version `bold'
(Font)                  OT1/cmtt/m/n --> OT1/lmtt/m/n on input line 38.
)
(/usr/share/texlive/texmf-dist/tex/latex/amsmath/amsmath.sty
Package: amsmath 2013/01/14 v2.14 AMS math features
\@mathmargin=\skip45

For additional information on amsmath, use the `?' option.
(/usr/share/texlive/texmf-dist/tex/latex/amsmath/amstext.sty
Package: amstext 2000/06/29 v2.01

(/usr/share/texlive/texmf-dist/tex/latex/amsmath/amsgen.sty
File: amsgen.sty 1999/11/30 v2.0
\@emptytoks=\toks16
\ex@=\dimen105
))
(/usr/share/texlive/texmf-dist/tex/latex/amsmath/amsbsy.sty
Package: amsbsy 1999/11/29 v1.2d
\pmbraise@=\dimen106
)
(/usr/share/texlive/texmf-dist/tex/latex/amsmath/amsopn.sty
Package: amsopn 1999/12/14 v2.01 operator names
)
\inf@bad=\count91
LaTeX Info: Redefining \frac on input line 210.
\uproot@=\count92
\leftroot@=\count93
LaTeX Info: Redefining \overline on input line 306.
\classnum@=\count94
\DOTSCASE@=\count95
LaTeX Info: Redefining \ldots on input line 378.
LaTeX Info: Redefining \dots on input line 381.
LaTeX Info: Redefining \cdots on input line 466.
\Mathstrutbox@=\box29
\strutbox@=\box30
\big@size=\dimen107
LaTeX Font Info:    Redeclaring font encoding OML on input line 566.
LaTeX Font Info:    Redeclaring font encoding OMS on input line 567.
\macc@depth=\count96
\c@MaxMatrixCols=\count97
\dotsspace@=\muskip10
\c@parentequation=\count98
\dspbrk@lvl=\count99
\tag@help=\toks17
\row@=\count100
\column@=\count101
\maxfields@=\count102
\andhelp@=\toks18
\eqnshift@=\dimen108
\alignsep@=\dimen109
\tagshift@=\dimen110
\tagwidth@=\dimen111
\totwidth@=\dimen112
\lineht@=\dimen113
\@envbody=\toks19
\multlinegap=\skip46
\multlinetaggap=\skip47
\mathdisplay@stack=\toks20
LaTeX Info: Redefining \[ on input line 2665.
LaTeX Info: Redefining \] on input line 2666.
) (./setspace.sty
Package: setspace 2011/12/19 v6.7a set line spacing
)
(/usr/share/texlive/texmf-dist/tex/latex/fancyhdr/fancyhdr.sty
\fancy@headwidth=\skip48
\f@ncyO@elh=\skip49
\f@ncyO@erh=\skip50
\f@ncyO@olh=\skip51
\f@ncyO@orh=\skip52
\f@ncyO@elf=\skip53
\f@ncyO@erf=\skip54
\f@ncyO@olf=\skip55
\f@ncyO@orf=\skip56
)
(/usr/share/texlive/texmf-dist/tex/latex/base/makeidx.sty
Package: makeidx 2000/03/29 v1.0m Standard LaTeX package
)
(/usr/share/texlive/texmf-dist/tex/latex/graphics/graphics.sty
Package: graphics 2009/02/05 v1.0o Standard LaTeX Graphics (DPC,SPQR)

(/usr/share/texlive/texmf-dist/tex/latex/graphics/trig.sty
Package: trig 1999/03/16 v1.09 sin cos tan (DPC)
)
(/usr/share/texlive/texmf-dist/tex/latex/latexconfig/graphics.cfg
File: graphics.cfg 2010/04/23 v1.9 graphics configuration of TeX Live
)
Package graphics Info: Driver file: pdftex.def on input line 91.

(/usr/share/texlive/texmf-dist/tex/latex/pdftex-def/pdftex.def
File: pdftex.def 2011/05/27 v0.06d Graphics/color for pdfTeX

(/usr/share/texlive/texmf-dist/tex/generic/oberdiek/infwarerr.sty
Package: infwarerr 2010/04/08 v1.3 Providing info/warning/error messages (HO)
)
(/usr/share/texlive/texmf-dist/tex/generic/oberdiek/ltxcmds.sty
Package: ltxcmds 2011/11/09 v1.22 LaTeX kernel commands for general use (HO)
)
\Gread@gobject=\count103
))
(/var/lib/texmf/tex/algorithm.sty
\c@algorithm=\count104
\Blockindent=\skip57
\algorithmindent=\skip58
)
(/usr/share/texlive/texmf-dist/tex/latex/graphics/graphicx.sty
Package: graphicx 1999/02/16 v1.0f Enhanced LaTeX Graphics (DPC,SPQR)

(/usr/share/texlive/texmf-dist/tex/latex/graphics/keyval.sty
Package: keyval 1999/03/16 v1.13 key=value parser (DPC)
\KV@toks@=\toks21
)
\Gin@req@height=\dimen114
\Gin@req@width=\dimen115
)
(/usr/share/texlive/texmf-dist/tex/latex/amsfonts/amssymb.sty
Package: amssymb 2013/01/14 v3.01 AMS font symbols

(/usr/share/texlive/texmf-dist/tex/latex/amsfonts/amsfonts.sty
Package: amsfonts 2013/01/14 v3.01 Basic AMSFonts support
\symAMSa=\mathgroup5
\symAMSb=\mathgroup6
LaTeX Font Info:    Overwriting math alphabet `\mathfrak' in version `bold'
(Font)                  U/euf/m/n --> U/euf/b/n on input line 106.
))
(/usr/share/texlive/texmf-dist/tex/latex/amscls/amsthm.sty
Package: amsthm 2004/08/06 v2.20
\thm@style=\toks22
\thm@bodyfont=\toks23
\thm@headfont=\toks24
\thm@notefont=\toks25
\thm@headpunct=\toks26
\thm@preskip=\skip59
\thm@postskip=\skip60
\thm@headsep=\skip61
\dth@everypar=\toks27
)
(/usr/share/texlive/texmf-dist/tex/latex/url/url.sty
\Urlmuskip=\muskip11
Package: url 2013/09/16  ver 3.4  Verb mode for urls, etc.
)
(/usr/share/texlive/texmf-dist/tex/latex/graphics/color.sty
Package: color 2005/11/14 v1.0j Standard LaTeX Color (DPC)

(/usr/share/texlive/texmf-dist/tex/latex/latexconfig/color.cfg
File: color.cfg 2007/01/18 v1.5 color configuration of teTeX/TeXLive
)
Package color Info: Driver file: pdftex.def on input line 130.
)
(/usr/share/texlive/texmf-dist/tex/latex/float/float.sty
Package: float 2001/11/08 v1.3d Float enhancements (AL)
\c@float@type=\count105
\float@exts=\toks28
\float@box=\box31
\@float@everytoks=\toks29
\@floatcapt=\box32
)
\c@definition=\count106
\c@ejemplo=\count107
\c@caso=\count108
\c@subcaso=\count109
\c@theorem=\count110
\c@lema=\count111
\c@ruleAGcounter=\count112
\@indexfile=\write3
\openout3 = `main.idx'.


Writing index file main.idx
Enter file names to process, (chap1,chap2 ...), or `all' to process all files:

\files=all
Including all files.

LaTeX Warning: Unused global option(s):
    [spanish].

(./main.aux (./abstract.aux) (./chap1.aux) (./chap2.aux) (./chap3.aux)
(./chap4.aux) (./chap5.aux) (./biblio.aux) (./Anexos.aux))
\openout1 = `main.aux'.

LaTeX Font Info:    Checking defaults for OML/cmm/m/it on input line 144.
LaTeX Font Info:    ... okay on input line 144.
LaTeX Font Info:    Checking defaults for T1/cmr/m/n on input line 144.
LaTeX Font Info:    ... okay on input line 144.
LaTeX Font Info:    Checking defaults for OT1/cmr/m/n on input line 144.
LaTeX Font Info:    ... okay on input line 144.
LaTeX Font Info:    Checking defaults for OMS/cmsy/m/n on input line 144.
LaTeX Font Info:    ... okay on input line 144.
LaTeX Font Info:    Checking defaults for OMX/cmex/m/n on input line 144.
LaTeX Font Info:    ... okay on input line 144.
LaTeX Font Info:    Checking defaults for U/cmr/m/n on input line 144.
LaTeX Font Info:    ... okay on input line 144.
LaTeX Font Info:    Try loading font information for T1+lmr on input line 144.

(/usr/share/texmf/tex/latex/lm/t1lmr.fd
File: t1lmr.fd 2009/10/30 v1.6 Font defs for Latin Modern
)
(/usr/share/texlive/texmf-dist/tex/context/base/supp-pdf.mkii
[Loading MPS to PDF converter (version 2006.09.02).]
\scratchcounter=\count113
\scratchdimen=\dimen116
\scratchbox=\box33
\nofMPsegments=\count114
\nofMParguments=\count115
\everyMPshowfont=\toks30
\MPscratchCnt=\count116
\MPscratchDim=\dimen117
\MPnumerator=\count117
\makeMPintoPDFobject=\count118
\everyMPtoPDFconversion=\toks31
) (/usr/share/texlive/texmf-dist/tex/generic/oberdiek/pdftexcmds.sty
Package: pdftexcmds 2011/11/29 v0.20 Utility functions of pdfTeX for LuaTeX (HO
)

(/usr/share/texlive/texmf-dist/tex/generic/oberdiek/ifluatex.sty
Package: ifluatex 2010/03/01 v1.3 Provides the ifluatex switch (HO)
Package ifluatex Info: LuaTeX not detected.
)
(/usr/share/texlive/texmf-dist/tex/generic/oberdiek/ifpdf.sty
Package: ifpdf 2011/01/30 v2.3 Provides the ifpdf switch (HO)
Package ifpdf Info: pdfTeX in PDF mode is detected.
)
Package pdftexcmds Info: LuaTeX not detected.
Package pdftexcmds Info: \pdf@primitive is available.
Package pdftexcmds Info: \pdf@ifprimitive is available.
Package pdftexcmds Info: \pdfdraftmode found.
)
(/usr/share/texlive/texmf-dist/tex/latex/oberdiek/epstopdf-base.sty
Package: epstopdf-base 2010/02/09 v2.5 Base part for package epstopdf

(/usr/share/texlive/texmf-dist/tex/latex/oberdiek/grfext.sty
Package: grfext 2010/08/19 v1.1 Manage graphics extensions (HO)

(/usr/share/texlive/texmf-dist/tex/generic/oberdiek/kvdefinekeys.sty
Package: kvdefinekeys 2011/04/07 v1.3 Define keys (HO)
))
(/usr/share/texlive/texmf-dist/tex/latex/oberdiek/kvoptions.sty
Package: kvoptions 2011/06/30 v3.11 Key value format for package options (HO)

(/usr/share/texlive/texmf-dist/tex/generic/oberdiek/kvsetkeys.sty
Package: kvsetkeys 2012/04/25 v1.16 Key value parser (HO)

(/usr/share/texlive/texmf-dist/tex/generic/oberdiek/etexcmds.sty
Package: etexcmds 2011/02/16 v1.5 Avoid name clashes with e-TeX commands (HO)
Package etexcmds Info: Could not find \expanded.
(etexcmds)             That can mean that you are not using pdfTeX 1.50 or
(etexcmds)             that some package has redefined \expanded.
(etexcmds)             In the latter case, load this package earlier.
)))
Package grfext Info: Graphics extension search list:
(grfext)             [.png,.pdf,.jpg,.mps,.jpeg,.jbig2,.jb2,.PNG,.PDF,.JPG,.JPE
G,.JBIG2,.JB2,.eps]
(grfext)             \AppendGraphicsExtensions on input line 452.

(/usr/share/texlive/texmf-dist/tex/latex/latexconfig/epstopdf-sys.cfg
File: epstopdf-sys.cfg 2010/07/13 v1.3 Configuration of (r)epstopdf for TeX Liv
e
))
LaTeX Font Info:    Try loading font information for OT1+lmr on input line 167.


(/usr/share/texmf/tex/latex/lm/ot1lmr.fd
File: ot1lmr.fd 2009/10/30 v1.6 Font defs for Latin Modern
)<<ot1.cmap>>
LaTeX Font Info:    Try loading font information for OML+lmm on input line 167.


(/usr/share/texmf/tex/latex/lm/omllmm.fd
File: omllmm.fd 2009/10/30 v1.6 Font defs for Latin Modern
)
LaTeX Font Info:    Try loading font information for OMS+lmsy on input line 167
.

(/usr/share/texmf/tex/latex/lm/omslmsy.fd
File: omslmsy.fd 2009/10/30 v1.6 Font defs for Latin Modern
)
LaTeX Font Info:    Try loading font information for OMX+lmex on input line 167
.

(/usr/share/texmf/tex/latex/lm/omxlmex.fd
File: omxlmex.fd 2009/10/30 v1.6 Font defs for Latin Modern
)
LaTeX Font Info:    External font `lmex10' loaded for size
(Font)              <20.74> on input line 167.
LaTeX Font Info:    External font `lmex10' loaded for size
(Font)              <14.4> on input line 167.
LaTeX Font Info:    External font `lmex10' loaded for size
(Font)              <12> on input line 167.
LaTeX Font Info:    Try loading font information for U+lasy on input line 167.

(/usr/share/texlive/texmf-dist/tex/latex/base/ulasy.fd
File: ulasy.fd 1998/08/17 v2.2e LaTeX symbol font definitions
)
LaTeX Font Info:    Try loading font information for U+msa on input line 167.

(/usr/share/texlive/texmf-dist/tex/latex/amsfonts/umsa.fd
File: umsa.fd 2013/01/14 v3.01 AMS symbols A
)
LaTeX Font Info:    Try loading font information for U+msb on input line 167.

(/usr/share/texlive/texmf-dist/tex/latex/amsfonts/umsb.fd
File: umsb.fd 2013/01/14 v3.01 AMS symbols B
)
LaTeX Font Info:    External font `lmex10' loaded for size
(Font)              <10.95> on input line 167.
LaTeX Font Info:    External font `lmex10' loaded for size
(Font)              <8> on input line 167.
LaTeX Font Info:    External font `lmex10' loaded for size
(Font)              <6> on input line 167.
LaTeX Font Info:    External font `lmex10' loaded for size
(Font)              <17.28> on input line 167.
LaTeX Font Info:    External font `lmex10' loaded for size
(Font)              <10> on input line 167.
LaTeX Font Info:    External font `lmex10' loaded for size
(Font)              <7> on input line 167.
 [1

{/var/lib/texmf/fonts/map/pdftex/updmap/pdftex.map}] [1]
\openout2 = `abstract.aux'.

 (./abstract.tex
Overfull \hbox (3.89423pt too wide) in paragraph at lines 17--18
\T1/lmr/m/n/12 ramienta de ver-i-fi-cación se en-car-gará de, valga la re-dun-d
an-cia, ver-i-ficar propiedades,
 []

[1


]) [2

] (./main.lof)
\tf@lof=\write4
\openout4 = `main.lof'.

 [3


] (./main.toc [4

])
\tf@toc=\write5
\openout5 = `main.toc'.

 [5]
\openout2 = `chap1.aux'.

 (./chap1.tex
Cap\IeC {\'\i }tulo 1.
[1


]) [2]
\openout2 = `chap2.aux'.

 (./chap2.tex
Cap\IeC {\'\i }tulo 2.
[3



]
Underfull \hbox (badness 10000) in paragraph at lines 24--33

 []


Underfull \hbox (badness 10000) in paragraph at lines 24--33

 []


Underfull \hbox (badness 10000) in paragraph at lines 34--44

 []


Underfull \hbox (badness 10000) in paragraph at lines 34--44

 []

[4] [5]
Overfull \hbox (1.87267pt too wide) in paragraph at lines 66--67
[]\T1/lmr/m/n/12 Consideremos el sigu-iente ejem-plo, ten-emos $\OML/lmm/m/it/1
2 V \OT1/lmr/m/n/12 = \OMS/lmsy/m/n/12 f\OML/lmm/m/it/12 x; y; z\OMS/lmsy/m/n/1
2 g$ \T1/lmr/m/n/12 y $\OML/lmm/m/it/12 D \OT1/lmr/m/n/12 = \OMS/lmsy/m/n/12 f\
OML/lmm/m/it/12 True; False\OMS/lmsy/m/n/12 g$\T1/lmr/m/n/12 ,
 []

<Figures/kripke.png, id=54, 109.40875pt x 155.58125pt>
File: Figures/kripke.png Graphic file (type png)

<use Figures/kripke.png>
Package pdftex.def Info: Figures/kripke.png used on input line 78.
(pdftex.def)             Requested size: 83.68927pt x 119.00975pt.


LaTeX Warning: `!h' float specifier changed to `!ht'.

[6] [7 <./Figures/kripke.png>]

LaTeX Warning: Command \textellipsis invalid in math mode on input line 105.


Underfull \hbox (badness 10000) in paragraph at lines 105--106

 []


Underfull \hbox (badness 10000) in paragraph at lines 107--112

 []


Underfull \hbox (badness 10000) in paragraph at lines 117--119

 []


Underfull \hbox (badness 10000) in paragraph at lines 120--121

 []


Underfull \hbox (badness 10000) in paragraph at lines 122--125

 []

[8] <Figures/kripke3.png, id=68, 119.44624pt x 348.30125pt>
File: Figures/kripke3.png Graphic file (type png)

<use Figures/kripke3.png>
Package pdftex.def Info: Figures/kripke3.png used on input line 144.
(pdftex.def)             Requested size: 83.68927pt x 244.03242pt.


LaTeX Warning: `!h' float specifier changed to `!ht'.

<Figures/kripke3-gfp1.png, id=69, 580.41844pt x 277.78781pt>
File: Figures/kripke3-gfp1.png Graphic file (type png)

<use Figures/kripke3-gfp1.png>
Package pdftex.def Info: Figures/kripke3-gfp1.png used on input line 150.
(pdftex.def)             Requested size: 418.45274pt x 200.2741pt.
 [9] [10 <./Figures/kripke3.png> <./Figures/kripke3-gfp1.png>] <Figures/eval.pn
g, id=78, 258.21469pt x 452.4403pt>
File: Figures/eval.png Graphic file (type png)

<use Figures/eval.png>
Package pdftex.def Info: Figures/eval.png used on input line 161.
(pdftex.def)             Requested size: 292.91563pt x 513.29509pt.


LaTeX Warning: `!h' float specifier changed to `!ht'.

) [11] [12 <./Figures/eval.png>]
\openout2 = `chap3.aux'.

 (./chap3.tex
Cap\IeC {\'\i }tulo 3.
[13



] <Figures/BDT.png, id=90, 757.83125pt x 412.54124pt>
File: Figures/BDT.png Graphic file (type png)
 <use Figures/BDT.png>
Package pdftex.def Info: Figures/BDT.png used on input line 13.
(pdftex.def)             Requested size: 418.45274pt x 227.79855pt.

[14 <./Figures/BDT.png>]
<Figures/goodorder.png, id=95, 185.69376pt x 412.54124pt>
File: Figures/goodorder.png Graphic file (type png)

<use Figures/goodorder.png>
Package pdftex.def Info: Figures/goodorder.png used on input line 40.
(pdftex.def)             Requested size: 83.68927pt x 185.9314pt.

<Figures/badorder.png, id=96, 204.765pt x 412.54124pt>
File: Figures/badorder.png Graphic file (type png)

<use Figures/badorder.png>
Package pdftex.def Info: Figures/badorder.png used on input line 46.
(pdftex.def)             Requested size: 83.68927pt x 168.61423pt.
 [15] [16 <./Figures/goodorder.png> <./Figures/badorder.png>] <Figures/kripke2.
png, id=105, 109.40875pt x 155.58125pt>
File: Figures/kripke2.png Graphic file (type png)

<use Figures/kripke2.png>
Package pdftex.def Info: Figures/kripke2.png used on input line 62.
(pdftex.def)             Requested size: 83.68927pt x 119.00975pt.

Overfull \hbox (2.4581pt too wide) in paragraph at lines 74--77
[]\T1/lmr/m/n/12 -Los val-ores Falso y Ver-dadero es-tan rep-re-sen-ta-dos por 
OBDD-FALSE y OBDD-
 []

[17 <./Figures/kripke2.png>]
<Figures/fix.png, id=110, 249.18094pt x 140.77594pt>
File: Figures/fix.png Graphic file (type png)
 <use Figures/fix.png>
Package pdftex.def Info: Figures/fix.png used on input line 95.
(pdftex.def)             Requested size: 292.91563pt x 165.49979pt.

[18]) [19 <./Figures/fix.png>]
\openout2 = `chap4.aux'.

 (./chap4.tex
Cap\IeC {\'\i }tulo 4.
[20



] [21] <Figures/kripke4.png, id=125, 107.40125pt x 155.58125pt>
File: Figures/kripke4.png Graphic file (type png)

<use Figures/kripke4.png>
Package pdftex.def Info: Figures/kripke4.png used on input line 54.
(pdftex.def)             Requested size: 83.68927pt x 121.23418pt.

<Figures/modeloMC2-1.png, id=126, 138.5175pt x 216.81pt>
File: Figures/modeloMC2-1.png Graphic file (type png)

<use Figures/modeloMC2-1.png>
Package pdftex.def Info: Figures/modeloMC2-1.png used on input line 61.
(pdftex.def)             Requested size: 146.46101pt x 229.24516pt.
 [22 <./Figures/kripke4.png>]
<Figures/modeloMC2-2.png, id=131, 132.495pt x 215.30438pt>
File: Figures/modeloMC2-2.png Graphic file (type png)

<use Figures/modeloMC2-2.png>
Package pdftex.def Info: Figures/modeloMC2-2.png used on input line 70.
(pdftex.def)             Requested size: 138.09016pt x 224.41391pt.
 [23 <./Figures/modeloMC2-1.png>]
<Figures/kripke5.png, id=136, 227.85126pt x 155.58125pt>
File: Figures/kripke5.png Graphic file (type png)

<use Figures/kripke5.png>
Package pdftex.def Info: Figures/kripke5.png used on input line 77.
(pdftex.def)             Requested size: 167.37854pt x 114.29266pt.

<Figures/modeloMC2-3.png, id=137, 127.22531pt x 216.05719pt>
File: Figures/modeloMC2-3.png Graphic file (type png)

<use Figures/modeloMC2-3.png>
Package pdftex.def Info: Figures/modeloMC2-3.png used on input line 84.
(pdftex.def)             Requested size: 138.09016pt x 234.51851pt.
 [24 <./Figures/modeloMC2-2.png> <./Figures/kripke5.png>]
Underfull \hbox (badness 10000) in paragraph at lines 93--96

 []


Overfull \hbox (59.88922pt too wide) in paragraph at lines 93--96
\OT1/lmr/m/n/12 [[ \OML/lmm/m/it/12 vars D rules C init E check P\OT1/lmr/m/n/1
2 ]][]  =  [\OML/lmm/m/it/12 F \OMS/lmsy/m/n/12 j \OML/lmm/m/it/12 F \OMS/lmsy/
m/n/12 2 \OML/lmm/m/it/12 P  \OMS/lmsy/m/n/12 ^  \OML/lmm/m/it/12 NULL \OT1/lmr
/m/n/12 (\OML/lmm/m/it/12 NOT inst E \OT1/lmr/m/n/12 ([[\OML/lmm/m/it/12 F\OT1/
lmr/m/n/12 ]][] [[\OML/lmm/m/it/12 C\OT1/lmr/m/n/12 ]][] \OML/lmm/m/it/12 assoc
 \OMS/lmsy/m/n/12 ^^@
 []


Underfull \hbox (badness 10000) in paragraph at lines 93--96

 []


Underfull \hbox (badness 10000) in paragraph at lines 97--99

 []


Underfull \hbox (badness 10000) in paragraph at lines 97--99

 []

[25 <./Figures/modeloMC2-3.png>] [26] [27]) [28]
\openout2 = `chap5.aux'.

 (./chap5.tex
Cap\IeC {\'\i }tulo 5.
[29



] <Figures/rivercross.png, id=161, 240.9pt x 311.66437pt>
File: Figures/rivercross.png Graphic file (type png)

<use Figures/rivercross.png>
Package pdftex.def Info: Figures/rivercross.png used on input line 13.
(pdftex.def)             Requested size: 251.07419pt x 324.83664pt.

<Figures/riverobdd.png, id=162, 4396.425pt x 1606.0pt>
File: Figures/riverobdd.png Graphic file (type png)

<use Figures/riverobdd.png>
Package pdftex.def Info: Figures/riverobdd.png used on input line 20.
(pdftex.def)             Requested size: 376.6049pt x 137.54968pt.
 [30 <./Figures/rivercross.png>]
<Figures/pentagram.png, id=168, 82.8696pt x 79.2561pt>
File: Figures/pentagram.png Graphic file (type png)

<use Figures/pentagram.png>
Package pdftex.def Info: Figures/pentagram.png used on input line 31.
(pdftex.def)             Requested size: 209.22636pt x 200.12671pt.
 [31 <./Figures/riverobdd.png>]
<Figures/estrella.png, id=172, 511.15968pt x 407.27156pt>
File: Figures/estrella.png Graphic file (type png)

<use Figures/estrella.png>
Package pdftex.def Info: Figures/estrella.png used on input line 40.
(pdftex.def)             Requested size: 418.45274pt x 333.40553pt.
 [32 <./Figures/pentagram.png>]
<Figures/ranasjuego.png, id=177, 365.86688pt x 70.01157pt>
File: Figures/ranasjuego.png Graphic file (type png)

<use Figures/ranasjuego.png>
Package pdftex.def Info: Figures/ranasjuego.png used on input line 55.
(pdftex.def)             Requested size: 334.76346pt x 64.06314pt.
 [33 <./Figures/estrella.png>]
<Figures/ranas.png, id=182, 368.87813pt x 855.94781pt>
File: Figures/ranas.png Graphic file (type png)
 <use Figures/ranas.png>
Package pdftex.def Info: Figures/ranas.png used on input line 64.
(pdftex.def)             Requested size: 209.22636pt x 485.49216pt.

[34 <./Figures/ranasjuego.png>] [35 <./Figures/ranas.png>]
<Figures/parser1.png, id=191, 983.17313pt x 758.835pt>
File: Figures/parser1.png Graphic file (type png)

<use Figures/parser1.png>
Package pdftex.def Info: Figures/parser1.png used on input line 73.
(pdftex.def)             Requested size: 460.30057pt x 355.27461pt.

Overfull \hbox (41.84782pt too wide) in paragraph at lines 73--74
 [][] 
 []

[36 <./Figures/parser1.png>]) [37

]
\openout2 = `biblio.aux'.

 (./biblio.tex (./main.bbl
Underfull \hbox (badness 3471) in paragraph at lines 42--46
[]\T1/lmr/m/n/12 G. Hut-ton and E. Mei-jer, \T1/lmr/m/it/12 A LI-BRARY OF MONAD
IC PARSER
 []


Underfull \hbox (badness 10000) in paragraph at lines 42--46
\T1/lmr/m/it/12 COM-BI-NA-TORS\T1/lmr/m/n/12 .  http://www.informatik.uni-breme
n.de/cofi/CASL-
 []

[38



])) [39]
\openout2 = `Anexos.aux'.

 (./Anexos.tex [40



]
Appendix A.
LaTeX Font Info:    Try loading font information for T1+lmtt on input line 15.
(/usr/share/texmf/tex/latex/lm/t1lmtt.fd
File: t1lmtt.fd 2009/10/30 v1.6 Font defs for Latin Modern
)) [41

]
No file main.ind.
(./main.aux (./abstract.aux) (./chap1.aux) (./chap2.aux) (./chap3.aux)
(./chap4.aux) (./chap5.aux) (./biblio.aux) (./Anexos.aux)) ) 
Here is how much of TeX's memory you used:
 3888 strings out of 495028
 49940 string characters out of 6181497
 108185 words of memory out of 5000000
 6850 multiletter control sequences out of 15000+600000
 83939 words of font info for 85 fonts, out of 8000000 for 9000
 14 hyphenation exceptions out of 8191
 38i,9n,43p,1511b,261s stack positions out of 5000i,500n,10000p,200000b,80000s
{/usr/share/texmf/f
onts/enc/dvips/lm/lm-mathsy.enc}{/usr/share/texmf/fonts/enc/dvips/lm/lm-mathit.
enc}{/usr/share/texmf/fonts/enc/dvips/lm/lm-rm.enc}{/usr/share/texmf/fonts/enc/
dvips/lm/lm-ec.enc}</usr/share/texlive/texmf-dist/fonts/type1/public/amsfonts/l
atxfont/lasy10.pfb></usr/share/texmf/fonts/type1/public/lm/lmbx12.pfb></usr/sha
re/texmf/fonts/type1/public/lm/lmmi12.pfb></usr/share/texmf/fonts/type1/public/
lm/lmmi8.pfb></usr/share/texmf/fonts/type1/public/lm/lmr10.pfb></usr/share/texm
f/fonts/type1/public/lm/lmr12.pfb></usr/share/texmf/fonts/type1/public/lm/lmr17
.pfb></usr/share/texmf/fonts/type1/public/lm/lmr8.pfb></usr/share/texmf/fonts/t
ype1/public/lm/lmri12.pfb></usr/share/texmf/fonts/type1/public/lm/lmro12.pfb></
usr/share/texmf/fonts/type1/public/lm/lmsy10.pfb></usr/share/texmf/fonts/type1/
public/lm/lmsy6.pfb></usr/share/texmf/fonts/type1/public/lm/lmsy8.pfb>
Output written on main.pdf (48 pages, 1606691 bytes).
PDF statistics:
 262 PDF objects out of 1000 (max. 8388607)
 154 compressed objects within 2 object streams
 0 named destinations out of 1000 (max. 500000)
 114 words of extra memory for PDF output out of 10000 (max. 10000000)

